[2m[WebServer] [22m(node:101586) Warning: The 'NO_COLOR' env is ignored due to the 'FORCE_COLOR' env being set.
[2m[WebServer] [22m(Use `node --trace-warnings ...` to show where the warning was created)
[2m[WebServer] [22m(node:101690) Warning: The 'NO_COLOR' env is ignored due to the 'FORCE_COLOR' env being set.
[2m[WebServer] [22m(Use `node --trace-warnings ...` to show where the warning was created)
[2m[WebServer] [22m(node:101955) Warning: The 'NO_COLOR' env is ignored due to the 'FORCE_COLOR' env being set.
[2m[WebServer] [22m(Use `node --trace-warnings ...` to show where the warning was created)
[2m[WebServer] [22m   ▲ Next.js 15.5.15
[2m[WebServer] [22m   - Local:        http://127.0.0.1:3000
[2m[WebServer] [22m   - Network:      http://127.0.0.1:3000
[2m[WebServer] [22m
[2m[WebServer] [22m ✓ Starting...
[2m[WebServer] [22m ✓ Ready in 42.5s
[2m[WebServer] [22m ○ Compiling /signin ...
[2m[WebServer] [22m ✓ Compiled /signin in 42.9s (702 modules)
[2m[WebServer] [22m GET /signin 200 in 46611ms

Running 6 tests using 1 worker

(node:102747) Warning: The 'NO_COLOR' env is ignored due to the 'FORCE_COLOR' env being set.
(Use `node --trace-warnings ...` to show where the warning was created)
(node:102747) Warning: The 'NO_COLOR' env is ignored due to the 'FORCE_COLOR' env being set.
(Use `node --trace-warnings ...` to show where the warning was created)
  ✘  1 [desktop-critical] › tests/e2e/r5-ux-hardening.spec.ts:303:7 › R5 UX hardening proof › captures public, onboarding, and role-home routes (15.7s)
(node:103159) Warning: The 'NO_COLOR' env is ignored due to the 'FORCE_COLOR' env being set.
(Use `node --trace-warnings ...` to show where the warning was created)
(node:103159) Warning: The 'NO_COLOR' env is ignored due to the 'FORCE_COLOR' env being set.
(Use `node --trace-warnings ...` to show where the warning was created)
