
> agrodomain@0.0.0 test:e2e /ductor/agents/engineering/workspace/worktrees/agrodomain-n5-web-cd254ff7
> playwright test -- --grep-invert 'N6 admin observability'

[2m[WebServer] [22mINFO  [alembic.runtime.migration] Context impl SQLiteImpl.
[2m[WebServer] [22mINFO  [alembic.runtime.migration] Context impl SQLiteImpl.
[2m[WebServer] [22mINFO  [alembic.runtime.migration] Will assume non-transactional DDL.
[2m[WebServer] [22mINFO  [alembic.runtime.migration] Will assume non-transactional DDL.
[2m[WebServer] [22mINFO  [alembic.runtime.migration] Running upgrade  -> 0001, platform baseline
[2m[WebServer] [22mINFO  [alembic.runtime.migration] Running upgrade  -> 0001, platform baseline
[2m[WebServer] [22mINFO  [alembic.runtime.migration] Running upgrade 0001 -> 0002, policy and workflow definitions
[2m[WebServer] [22mINFO  [alembic.runtime.migration] Running upgrade 0001 -> 0002, policy and workflow definitions
[2m[WebServer] [22mINFO  [alembic.runtime.migration] Running upgrade 0002 -> 0003, workflow runtime
[2m[WebServer] [22mINFO  [alembic.runtime.migration] Running upgrade 0002 -> 0003, workflow runtime
[2m[WebServer] [22mINFO  [alembic.runtime.migration] Running upgrade 0003 -> 0004, audit and outbox
[2m[WebServer] [22mINFO  [alembic.runtime.migration] Running upgrade 0003 -> 0004, audit and outbox
[2m[WebServer] [22mINFO  [alembic.runtime.migration] Running upgrade 0004 -> 0005, identity session and marketplace listings
[2m[WebServer] [22mINFO  [alembic.runtime.migration] Running upgrade 0004 -> 0005, identity session and marketplace listings
[2m[WebServer] [22mINFO  [alembic.runtime.migration] Running upgrade 0005 -> 0007, listing read-model projection boundary
[2m[WebServer] [22mINFO  [alembic.runtime.migration] Running upgrade 0005 -> 0007, listing read-model projection boundary
[2m[WebServer] [22mINFO  [alembic.runtime.migration] Running upgrade 0007 -> 0008, negotiation thread runtime and checkpoint persistence
[2m[WebServer] [22mINFO  [alembic.runtime.migration] Running upgrade 0007 -> 0008, negotiation thread runtime and checkpoint persistence
[2m[WebServer] [22mINFO  [alembic.runtime.migration] Running upgrade 0008 -> 0009, wallet ledger and escrow runtime
[2m[WebServer] [22mINFO  [alembic.runtime.migration] Running upgrade 0008 -> 0009, wallet ledger and escrow runtime
[2m[WebServer] [22mINFO  [alembic.runtime.migration] Running upgrade 0009 -> 0010, advisory retrieval and reviewer runtime
[2m[WebServer] [22mINFO  [alembic.runtime.migration] Running upgrade 0009 -> 0010, advisory retrieval and reviewer runtime
[2m[WebServer] [22mINFO  [alembic.runtime.migration] Running upgrade 0010 -> 0011, climate ingestion, alerts, and mrv evidence runtime
[2m[WebServer] [22mINFO  [alembic.runtime.migration] Running upgrade 0010 -> 0011, climate ingestion, alerts, and mrv evidence runtime
[2m[WebServer] [22mINFO  [alembic.runtime.migration] Running upgrade 0011 -> 0012, finance partner requests and insurance trigger runtime
[2m[WebServer] [22mINFO  [alembic.runtime.migration] Running upgrade 0011 -> 0012, finance partner requests and insurance trigger runtime
[2m[WebServer] [22mINFO  [alembic.runtime.migration] Running upgrade 0012 -> 0013, traceability consignment and append-only event-chain runtime
[2m[WebServer] [22mINFO  [alembic.runtime.migration] Running upgrade 0012 -> 0013, traceability consignment and append-only event-chain runtime
[2m[WebServer] [22mINFO  [alembic.runtime.migration] Running upgrade 0013 -> 0014, control plane runtime
[2m[WebServer] [22mINFO  [alembic.runtime.migration] Running upgrade 0013 -> 0014, control plane runtime
[2m[WebServer] [22mINFO  [alembic.runtime.migration] Running upgrade 0014 -> 0015_worker_runtime_activation, worker runtime activation
[2m[WebServer] [22mINFO  [alembic.runtime.migration] Running upgrade 0014 -> 0015_worker_runtime_activation, worker runtime activation
[2m[WebServer] [22mINFO:     Started server process [80811]
[2m[WebServer] [22mINFO:     Waiting for application startup.
[2m[WebServer] [22mINFO:     Application startup complete.
[2m[WebServer] [22mINFO:     Uvicorn running on http://127.0.0.1:8000 (Press CTRL+C to quit)
[2m[WebServer] [22m{"correlation_id": "f0055d13-eaeb-444a-ae30-04cde9555647", "level": "INFO", "logger": "agrodomain.api.request", "message": "request.completed", "request_id": "f0055d13-eaeb-444a-ae30-04cde9555647", "timestamp": "2026-04-20T09:04:34.215601+00:00"}
[2m[WebServer] [22mINFO:     127.0.0.1:40956 - "GET /readyz HTTP/1.1" 200 OK
[2m[WebServer] [22m{"correlation_id": "57e3d6fd-bee8-4672-89fe-9f97cc000dbb", "level": "INFO", "logger": "agrodomain.api.request", "message": "request.completed", "request_id": "57e3d6fd-bee8-4672-89fe-9f97cc000dbb", "timestamp": "2026-04-20T09:04:34.289968+00:00"}
[2m[WebServer] [22mINFO:     127.0.0.1:40970 - "GET /readyz HTTP/1.1" 200 OK
