
> agrodomain@0.0.0 test:e2e /ductor/agents/engineering/workspace/worktrees/agrodomain-n5-web-cd254ff7
> playwright test

[2m[WebServer] [22mINFO  [alembic.runtime.migration] Context impl SQLiteImpl.
[2m[WebServer] [22mINFO  [alembic.runtime.migration] Context impl SQLiteImpl.
[2m[WebServer] [22mINFO  [alembic.runtime.migration] Will assume non-transactional DDL.
[2m[WebServer] [22mINFO  [alembic.runtime.migration] Will assume non-transactional DDL.
[2m[WebServer] [22mINFO  [alembic.runtime.migration] Running upgrade  -> 0001, platform baseline
[2m[WebServer] [22mINFO  [alembic.runtime.migration] Running upgrade  -> 0001, platform baseline
[2m[WebServer] [22mINFO  [alembic.runtime.migration] Running upgrade 0001 -> 0002, policy and workflow definitions
[2m[WebServer] [22mINFO  [alembic.runtime.migration] Running upgrade 0001 -> 0002, policy and workflow definitions
[2m[WebServer] [22mINFO  [alembic.runtime.migration] Running upgrade 0002 -> 0003, workflow runtime
[2m[WebServer] [22mINFO  [alembic.runtime.migration] Running upgrade 0002 -> 0003, workflow runtime
[2m[WebServer] [22mINFO  [alembic.runtime.migration] Running upgrade 0003 -> 0004, audit and outbox
[2m[WebServer] [22mINFO  [alembic.runtime.migration] Running upgrade 0003 -> 0004, audit and outbox
[2m[WebServer] [22mINFO  [alembic.runtime.migration] Running upgrade 0004 -> 0005, identity session and marketplace listings
[2m[WebServer] [22mINFO  [alembic.runtime.migration] Running upgrade 0004 -> 0005, identity session and marketplace listings
[2m[WebServer] [22mINFO  [alembic.runtime.migration] Running upgrade 0005 -> 0007, listing read-model projection boundary
[2m[WebServer] [22mINFO  [alembic.runtime.migration] Running upgrade 0005 -> 0007, listing read-model projection boundary
[2m[WebServer] [22mINFO  [alembic.runtime.migration] Running upgrade 0007 -> 0008, negotiation thread runtime and checkpoint persistence
[2m[WebServer] [22mINFO  [alembic.runtime.migration] Running upgrade 0007 -> 0008, negotiation thread runtime and checkpoint persistence
[2m[WebServer] [22mINFO  [alembic.runtime.migration] Running upgrade 0008 -> 0009, wallet ledger and escrow runtime
[2m[WebServer] [22mINFO  [alembic.runtime.migration] Running upgrade 0008 -> 0009, wallet ledger and escrow runtime
[2m[WebServer] [22mINFO  [alembic.runtime.migration] Running upgrade 0009 -> 0010, advisory retrieval and reviewer runtime
[2m[WebServer] [22mINFO  [alembic.runtime.migration] Running upgrade 0009 -> 0010, advisory retrieval and reviewer runtime
[2m[WebServer] [22mINFO  [alembic.runtime.migration] Running upgrade 0010 -> 0011, climate ingestion, alerts, and mrv evidence runtime
[2m[WebServer] [22mINFO  [alembic.runtime.migration] Running upgrade 0010 -> 0011, climate ingestion, alerts, and mrv evidence runtime
[2m[WebServer] [22mINFO  [alembic.runtime.migration] Running upgrade 0011 -> 0012, finance partner requests and insurance trigger runtime
[2m[WebServer] [22mINFO  [alembic.runtime.migration] Running upgrade 0011 -> 0012, finance partner requests and insurance trigger runtime
[2m[WebServer] [22mINFO  [alembic.runtime.migration] Running upgrade 0012 -> 0013, traceability consignment and append-only event-chain runtime
[2m[WebServer] [22mINFO  [alembic.runtime.migration] Running upgrade 0012 -> 0013, traceability consignment and append-only event-chain runtime
[2m[WebServer] [22mINFO  [alembic.runtime.migration] Running upgrade 0013 -> 0014, control plane runtime
[2m[WebServer] [22mINFO  [alembic.runtime.migration] Running upgrade 0013 -> 0014, control plane runtime
[2m[WebServer] [22mINFO  [alembic.runtime.migration] Running upgrade 0014 -> 0015_worker_runtime_activation, worker runtime activation
[2m[WebServer] [22mINFO  [alembic.runtime.migration] Running upgrade 0014 -> 0015_worker_runtime_activation, worker runtime activation
[2m[WebServer] [22mINFO:     Started server process [119140]
[2m[WebServer] [22mINFO:     Waiting for application startup.
[2m[WebServer] [22mINFO:     Application startup complete.
[2m[WebServer] [22mINFO:     Uvicorn running on http://127.0.0.1:8212 (Press CTRL+C to quit)
[2m[WebServer] [22m{"correlation_id": "b6e80839-1cd8-473e-a55f-ce6d66ffd9c9", "level": "INFO", "logger": "agrodomain.api.request", "message": "request.completed", "request_id": "b6e80839-1cd8-473e-a55f-ce6d66ffd9c9", "timestamp": "2026-04-20T14:53:32.787439+00:00"}
[2m[WebServer] [22mINFO:     127.0.0.1:55892 - "GET /readyz HTTP/1.1" 200 OK
[2m[WebServer] [22m(node:119152) Warning: The 'NO_COLOR' env is ignored due to the 'FORCE_COLOR' env being set.
[2m[WebServer] [22m(Use `node --trace-warnings ...` to show where the warning was created)
[2m[WebServer] [22m(node:119164) Warning: The 'NO_COLOR' env is ignored due to the 'FORCE_COLOR' env being set.
[2m[WebServer] [22m(Use `node --trace-warnings ...` to show where the warning was created)
[2m[WebServer] [22m(node:119194) Warning: The 'NO_COLOR' env is ignored due to the 'FORCE_COLOR' env being set.
[2m[WebServer] [22m(Use `node --trace-warnings ...` to show where the warning was created)
[2m[WebServer] [22m   ▲ Next.js 15.5.15
[2m[WebServer] [22m   - Local:        http://127.0.0.1:3212
[2m[WebServer] [22m   - Network:      http://127.0.0.1:3212
[2m[WebServer] [22m
[2m[WebServer] [22m ✓ Starting...
[2m[WebServer] [22mAttention: Next.js now collects completely anonymous telemetry regarding usage.
[2m[WebServer] [22mThis information is used to shape Next.js' roadmap and prioritize features.
[2m[WebServer] [22mYou can learn more, including how to opt-out if you'd not like to participate in this anonymous program, by visiting the following URL:
[2m[WebServer] [22mhttps://nextjs.org/telemetry
[2m[WebServer] [22m
[2m[WebServer] [22m ✓ Ready in 9.6s
[2m[WebServer] [22m ○ Compiling /signin ...
Error: Timed out waiting 300000ms from config.webServer.

 ELIFECYCLE  Command failed with exit code 1.
