/ductor/agents/engineering/workspace/worktrees/agrodomain-n5-web-cd254ff7/packages/contracts/src/advisory/index.ts
/ductor/agents/engineering/workspace/worktrees/agrodomain-n5-web-cd254ff7/packages/contracts/src/catalog.ts
/ductor/agents/engineering/workspace/worktrees/agrodomain-n5-web-cd254ff7/packages/contracts/src/channels/index.ts
/ductor/agents/engineering/workspace/worktrees/agrodomain-n5-web-cd254ff7/packages/contracts/src/climate/index.ts
/ductor/agents/engineering/workspace/worktrees/agrodomain-n5-web-cd254ff7/packages/contracts/src/envelope/index.ts
/ductor/agents/engineering/workspace/worktrees/agrodomain-n5-web-cd254ff7/packages/contracts/src/errors/index.ts
/ductor/agents/engineering/workspace/worktrees/agrodomain-n5-web-cd254ff7/packages/contracts/src/finance/.gitkeep
/ductor/agents/engineering/workspace/worktrees/agrodomain-n5-web-cd254ff7/packages/contracts/src/finance/index.ts
/ductor/agents/engineering/workspace/worktrees/agrodomain-n5-web-cd254ff7/packages/contracts/src/identity/index.ts
/ductor/agents/engineering/workspace/worktrees/agrodomain-n5-web-cd254ff7/packages/contracts/src/index.ts
/ductor/agents/engineering/workspace/worktrees/agrodomain-n5-web-cd254ff7/packages/contracts/src/marketplace/index.ts
/ductor/agents/engineering/workspace/worktrees/agrodomain-n5-web-cd254ff7/packages/contracts/src/negotiation/index.ts
/ductor/agents/engineering/workspace/worktrees/agrodomain-n5-web-cd254ff7/packages/contracts/src/notifications/index.ts
/ductor/agents/engineering/workspace/worktrees/agrodomain-n5-web-cd254ff7/packages/contracts/src/traceability/.gitkeep
/ductor/agents/engineering/workspace/worktrees/agrodomain-n5-web-cd254ff7/packages/contracts/src/traceability/index.ts
/ductor/agents/engineering/workspace/worktrees/agrodomain-n5-web-cd254ff7/packages/contracts/src/workflow/index.ts
---
/ductor/agents/engineering/workspace/worktrees/agrodomain-n5-web-cd254ff7/packages/contracts/generated/json-schema/envelope/EventEnvelope.schema.json
/ductor/agents/engineering/workspace/worktrees/agrodomain-n5-web-cd254ff7/packages/contracts/generated/json-schema/envelope/RequestEnvelope.schema.json
/ductor/agents/engineering/workspace/worktrees/agrodomain-n5-web-cd254ff7/packages/contracts/generated/json-schema/envelope/ResponseEnvelope.schema.json
/ductor/agents/engineering/workspace/worktrees/agrodomain-n5-web-cd254ff7/packages/contracts/generated/json-schema/finance/FinanceApprovalAction.schema.json
/ductor/agents/engineering/workspace/worktrees/agrodomain-n5-web-cd254ff7/packages/contracts/generated/json-schema/finance/FinanceDecisionInput.schema.json
/ductor/agents/engineering/workspace/worktrees/agrodomain-n5-web-cd254ff7/packages/contracts/generated/json-schema/finance/FinanceDecision.schema.json
/ductor/agents/engineering/workspace/worktrees/agrodomain-n5-web-cd254ff7/packages/contracts/generated/json-schema/finance/FinancePartnerRequestInput.schema.json
/ductor/agents/engineering/workspace/worktrees/agrodomain-n5-web-cd254ff7/packages/contracts/generated/json-schema/finance/FinancePartnerRequest.schema.json
/ductor/agents/engineering/workspace/worktrees/agrodomain-n5-web-cd254ff7/packages/contracts/generated/json-schema/finance/FinanceReviewDetail.schema.json
/ductor/agents/engineering/workspace/worktrees/agrodomain-n5-web-cd254ff7/packages/contracts/generated/json-schema/finance/FinanceReviewQueueItem.schema.json
/ductor/agents/engineering/workspace/worktrees/agrodomain-n5-web-cd254ff7/packages/contracts/generated/json-schema/finance/InsurancePayoutEvent.schema.json
/ductor/agents/engineering/workspace/worktrees/agrodomain-n5-web-cd254ff7/packages/contracts/generated/json-schema/finance/InsuranceTriggerEvaluationInput.schema.json
/ductor/agents/engineering/workspace/worktrees/agrodomain-n5-web-cd254ff7/packages/contracts/generated/json-schema/finance/InsuranceTriggerEvaluation.schema.json
/ductor/agents/engineering/workspace/worktrees/agrodomain-n5-web-cd254ff7/packages/contracts/generated/json-schema/finance/InsuranceTriggerRegistry.schema.json
/ductor/agents/engineering/workspace/worktrees/agrodomain-n5-web-cd254ff7/packages/contracts/generated/json-schema/traceability/ConsignmentCreateInput.schema.json
/ductor/agents/engineering/workspace/worktrees/agrodomain-n5-web-cd254ff7/packages/contracts/generated/json-schema/traceability/Consignment.schema.json
/ductor/agents/engineering/workspace/worktrees/agrodomain-n5-web-cd254ff7/packages/contracts/generated/json-schema/traceability/EvidenceAttachment.schema.json
/ductor/agents/engineering/workspace/worktrees/agrodomain-n5-web-cd254ff7/packages/contracts/generated/json-schema/traceability/TraceabilityEventAppendInput.schema.json
/ductor/agents/engineering/workspace/worktrees/agrodomain-n5-web-cd254ff7/packages/contracts/generated/json-schema/traceability/TraceabilityEvent.schema.json
/ductor/agents/engineering/workspace/worktrees/agrodomain-n5-web-cd254ff7/packages/contracts/generated/json-schema/traceability/TraceabilityTimelineRead.schema.json
