GET /api/v1/admin/analytics/health
GET /api/v1/admin/analytics/snapshot
GET /api/v1/admin/audit/events
GET /api/v1/admin/observability/alerts
POST /api/v1/admin/observability/telemetry
GET /api/v1/admin/observability/telemetry/{observation_id}
GET /api/v1/admin/release-readiness
POST /api/v1/admin/rollouts/canary
POST /api/v1/admin/rollouts/freeze
POST /api/v1/admin/rollouts/promote
POST /api/v1/admin/rollouts/rollback
GET /api/v1/admin/rollouts/status
GET /api/v1/advisory/conversations
GET /api/v1/advisory/requests
GET /api/v1/advisory/requests/{advisory_request_id}
GET /api/v1/audit/events
GET /api/v1/climate/alerts
GET /api/v1/climate/alerts/{alert_id}
POST /api/v1/climate/alerts/{alert_id}/acknowledge
GET /api/v1/climate/degraded-modes
GET /api/v1/climate/evidence
GET /api/v1/climate/farms/{farm_id}
GET /api/v1/climate/mrv-evidence
GET /api/v1/climate/observations
POST /api/v1/identity/consent
POST /api/v1/identity/consent/revoke
GET /api/v1/identity/session
POST /api/v1/identity/session
GET /api/v1/marketplace/listings
GET /api/v1/marketplace/listings/{listing_id}
GET /api/v1/marketplace/listings/{listing_id}/revisions
GET /api/v1/marketplace/negotiations
GET /api/v1/marketplace/negotiations/{thread_id}
GET /api/v1/system/settings
GET /api/v1/traceability/consignments/{consignment_id}
GET /api/v1/traceability/consignments/{consignment_id}/timeline
POST /api/v1/workflow/commands
GET,HEAD /docs
GET,HEAD /docs/oauth2-redirect
GET /healthz
GET,HEAD /openapi.json
GET /readyz
GET,HEAD /redoc
